<?xml version="1.0" encoding="UTF-8"?>
<!-- Generated by org.testng.reporters.JUnitXMLReporter -->
<testsuite hostname="DESKTOP-NM05SVP" ignored="0" name="Create Portfolio Test" tests="3" failures="1" timestamp="12 Mar 2019 02:30:09 GMT" time="16.112" errors="0">
  <testcase name="createPortFolioTest" time="0.016" classname="com.qtpselenium.testcases.CreatePortfolioTest">
    <skipped/>
  </testcase> <!-- createPortFolioTest -->
  <testcase name="createPortFolioTest" time="14.487" classname="com.qtpselenium.testcases.CreatePortfolioTest">
    <failure type="java.lang.AssertionError" message="Portfolio creation error">
      <![CDATA[java.lang.AssertionError: Portfolio creation error
	at com.qtpselenium.pom.pages.BasePage.repFailure(BasePage.java:66)
	at com.qtpselenium.testcases.CreatePortfolioTest.createPortFolioTest(CreatePortfolioTest.java:82)
... Removed 30 stack frames]]>
    </failure>
  </testcase> <!-- createPortFolioTest -->
  <testcase name="createPortFolioTest" time="0.0" classname="com.qtpselenium.testcases.CreatePortfolioTest">
    <skipped/>
  </testcase> <!-- createPortFolioTest -->
</testsuite> <!-- Create Portfolio Test -->
