<!DOCTYPE html PUBLIC "-//W3C//DTD XHTML 1.1//EN" "http://www.w3.org/TR/xhtml11/DTD/xhtml11.dtd">
<html xmlns="http://www.w3.org/1999/xhtml"><head><title>TestNG Report</title><style type="text/css">table {margin-bottom:10px;border-collapse:collapse;empty-cells:show}th,td {border:1px solid #009;padding:.25em .5em}th {vertical-align:bottom}td {vertical-align:top}table a {font-weight:bold}.stripe td {background-color: #E6EBF9}.num {text-align:right}.passedodd td {background-color: #3F3}.passedeven td {background-color: #0A0}.skippedodd td {background-color: #DDD}.skippedeven td {background-color: #CCC}.failedodd td,.attn {background-color: #F33}.failedeven td,.stripe .attn {background-color: #D00}.stacktrace {white-space:pre;font-family:monospace}.totop {font-size:85%;text-align:center;border-bottom:2px solid #000}</style></head><body><table><tr><th>Test</th><th># Passed</th><th># Skipped</th><th># Failed</th><th>Time (ms)</th><th>Included Groups</th><th>Excluded Groups</th></tr><tr><th colspan="7">My Sample Suite</th></tr><tr><td><a href="#t0">Create Portfolio Test</a></td><td class="num">0</td><td class="num attn">2</td><td class="num attn">1</td><td class="num">13,234</td><td></td><td></td></tr><tr class="stripe"><td><a href="#t1">Stock Test</a></td><td class="num">1</td><td class="num">0</td><td class="num">0</td><td class="num">20,937</td><td></td><td></td></tr><tr><th>Total</th><th class="num">1</th><th class="num attn">2</th><th class="num attn">1</th><th class="num">34,171</th><th colspan="2"></th></tr></table><table><thead><tr><th>Class</th><th>Method</th><th>Start</th><th>Time (ms)</th></tr></thead><tbody><tr><th colspan="4">My Sample Suite</th></tr></tbody><tbody id="t0"><tr><th colspan="4">Create Portfolio Test &#8212; failed</th></tr><tr class="failedeven"><td rowspan="1">com.qtpselenium.testcases.CreatePortfolioTest</td><td><a href="#m0">createPortFolioTest</a></td><td rowspan="1">1552355998924</td><td rowspan="1">11670</td></tr><tr><th colspan="4">Create Portfolio Test &#8212; skipped</th></tr><tr class="skippedeven"><td rowspan="2">com.qtpselenium.testcases.CreatePortfolioTest</td><td><a href="#m1">createPortFolioTest</a></td><td rowspan="2">1552355998195</td><td rowspan="2">24</td></tr><tr class="skippedeven"><td><a href="#m2">createPortFolioTest</a></td></tr></tbody><tbody id="t1"><tr><th colspan="4">Stock Test &#8212; passed</th></tr><tr class="passedeven"><td rowspan="1">com.qtpselenium.testcases.StockTest</td><td><a href="#m3">addStockTest</a></td><td rowspan="1">1552356011108</td><td rowspan="1">20817</td></tr></tbody></table><h2>Create Portfolio Test</h2><h3 id="m0">com.qtpselenium.testcases.CreatePortfolioTest#createPortFolioTest</h3><table class="result"><tr class="param"><th>Parameter #1</th><th>Parameter #2</th><th>Parameter #3</th></tr><tr class="param stripe"><td>Y</td><td>Chrome</td><td>Test7891</td></tr><tr><th colspan="3">Exception</th></tr><tr><td colspan="3"><div class="stacktrace">java.lang.AssertionError: Portfolio creation error
	at com.qtpselenium.pom.pages.BasePage.repFailure(BasePage.java:66)
	at com.qtpselenium.testcases.CreatePortfolioTest.createPortFolioTest(CreatePortfolioTest.java:82)
... Removed 30 stack frames</div></td></tr></table><p class="totop"><a href="#summary">back to summary</a></p><h3 id="m1">com.qtpselenium.testcases.CreatePortfolioTest#createPortFolioTest</h3><table class="result"><tr class="param"><th>Parameter #1</th><th>Parameter #2</th><th>Parameter #3</th></tr><tr class="param stripe"><td>N</td><td>Mozilla</td><td>Test678</td></tr><tr><th colspan="3">Exception</th></tr><tr><td colspan="3"><div class="stacktrace">org.testng.SkipException: Skipping the test as Runmode was set to NO
	at com.qtpselenium.testcases.CreatePortfolioTest.createPortFolioTest(CreatePortfolioTest.java:56)
... Removed 29 stack frames</div></td></tr></table><p class="totop"><a href="#summary">back to summary</a></p><h3 id="m2">com.qtpselenium.testcases.CreatePortfolioTest#createPortFolioTest</h3><table class="result"><tr class="param"><th>Parameter #1</th><th>Parameter #2</th><th>Parameter #3</th></tr><tr class="param stripe"><td>N</td><td>IE</td><td>TEST89892</td></tr><tr><th colspan="3">Exception</th></tr><tr><td colspan="3"><div class="stacktrace">org.testng.SkipException: Skipping the test as Runmode was set to NO
	at com.qtpselenium.testcases.CreatePortfolioTest.createPortFolioTest(CreatePortfolioTest.java:56)
... Removed 29 stack frames</div></td></tr></table><p class="totop"><a href="#summary">back to summary</a></p><h2>Stock Test</h2><h3 id="m3">com.qtpselenium.testcases.StockTest#addStockTest</h3><table class="result"><tr class="param"><th>Parameter #1</th><th>Parameter #2</th><th>Parameter #3</th><th>Parameter #4</th><th>Parameter #5</th><th>Parameter #6</th><th>Parameter #7</th></tr><tr class="param stripe"><td>Y</td><td>Chrome</td><td>Ashi_2</td><td>Tata Steel Ltd</td><td>5/03/2018</td><td>100</td><td>200</td></tr></table><p class="totop"><a href="#summary">back to summary</a></p></body></html>